<?xml version="1.0" encoding="UTF-8"?>
<!-- Generated by org.testng.reporters.JUnitReportReporter -->
<testsuite hostname="DESKTOP-5KTOU1E" failures="0" tests="4" name="Beginner.CashoraLogin" time="5.475" errors="0" timestamp="2023-09-26T17:11:01 IST" skipped="0">
  <testcase classname="Beginner.CashoraLogin" name="thread" time="0.001"/>
  <testcase classname="Beginner.CashoraLogin" name="Me" time="0.008"/>
  <testcase classname="Beginner.CashoraLogin" name="Metoo" time="0.001"/>
  <testcase classname="Beginner.CashoraLogin" name="test" time="5.465"/>
</testsuite> <!-- Beginner.CashoraLogin -->
